1678380310402	geckodriver	INFO	Listening on 127.0.0.1:55587
1678380313457	mozrunner::runner	INFO	Running command: "C:\\Program Files\\Mozilla Firefox\\firefox.exe" "--marionette" "--remote-debugging-port" "55588" "--remote-allow-hosts" "localhost" "-no-remote" "-profile" "C:\\Users\\elenk\\AppData\\Local\\Temp\\rust_mozprofileBQBjAo"
1678380314101	Marionette	INFO	Marionette enabled
console.warn: SearchSettings: "get: No settings file exists, new profile?" (new NotFoundError("Could not open the file at C:\\Users\\elenk\\AppData\\Local\\Temp\\rust_mozprofileBQBjAo\\search.json.mozlz4", (void 0)))
DevTools listening on ws://localhost:55588/devtools/browser/24daa02d-1d90-4a99-bd71-36304e9d7236
1678380318564	Marionette	INFO	Listening on port 55613
Read port: 55613
1678380318703	RemoteAgent	WARN	TLS certificate errors will be ignored for this session
JavaScript warning: https://static.licdn.com/aero-v1/sc/h/2g1x3zzt0edudc5kigbbuv7sx, line 2: WEBGL_debug_renderer_info is deprecated in Firefox and will be removed. Please use RENDERER.
JavaScript warning: https://static.licdn.com/aero-v1/sc/h/2g1x3zzt0edudc5kigbbuv7sx, line 2: WEBGL_debug_renderer_info is deprecated in Firefox and will be removed. Please use RENDERER.
1678380325075	Marionette	INFO	Stopped listening on port 55613
console.warn: TopSitesFeed: Failed to fetch data from Contile server: NetworkError when attempting to fetch resource.

###!!! [Parent][RunMessage] Error: Channel closing: too late to send/recv, messages will be lost

1678380349145	geckodriver	INFO	Listening on 127.0.0.1:55654
1678380352202	mozrunner::runner	INFO	Running command: "C:\\Program Files\\Mozilla Firefox\\firefox.exe" "--marionette" "--remote-debugging-port" "55655" "--remote-allow-hosts" "localhost" "-no-remote" "-profile" "C:\\Users\\elenk\\AppData\\Local\\Temp\\rust_mozprofileAFejSY"
1678380352656	Marionette	INFO	Marionette enabled
console.warn: SearchSettings: "get: No settings file exists, new profile?" (new NotFoundError("Could not open the file at C:\\Users\\elenk\\AppData\\Local\\Temp\\rust_mozprofileAFejSY\\search.json.mozlz4", (void 0)))
DevTools listening on ws://localhost:55655/devtools/browser/1ef1bac7-9f3a-48bd-bf52-5a9b45e52811
1678380355425	Marionette	INFO	Listening on port 55676
Read port: 55676
1678380355539	RemoteAgent	WARN	TLS certificate errors will be ignored for this session
1678380356864	Marionette	INFO	Stopped listening on port 55676
JavaScript warning: https://static.licdn.com/aero-v1/sc/h/2g1x3zzt0edudc5kigbbuv7sx, line 2: WEBGL_debug_renderer_info is deprecated in Firefox and will be removed. Please use RENDERER.
JavaScript warning: https://static.licdn.com/aero-v1/sc/h/2g1x3zzt0edudc5kigbbuv7sx, line 2: WEBGL_debug_renderer_info is deprecated in Firefox and will be removed. Please use RENDERER.
